<?xml version="1.0" encoding="UTF-8"?>
<testsuite name="tourGuide.TestPerformance" tests="2" skipped="0" failures="0" errors="0" timestamp="2022-11-04T08:27:02" hostname="PC_Materiel_net" time="8.83">
  <properties/>
  <testcase name="highVolumeTrackLocation" classname="tourGuide.TestPerformance" time="0.702"/>
  <testcase name="highVolumeGetRewards" classname="tourGuide.TestPerformance" time="8.128"/>
  <system-out><![CDATA[09:27:02.895 [Test worker] INFO tourGuide.service.TourGuideService - TestMode enabled
09:27:02.906 [Test worker] DEBUG tourGuide.service.TourGuideService - Initializing users
09:27:03.079 [Test worker] DEBUG tourGuide.service.TourGuideService - Created 1000 internal test users.
09:27:03.079 [Test worker] DEBUG tourGuide.service.TourGuideService - Finished initializing users
09:27:03.089 [pool-1-thread-1] DEBUG tourGuide.tracker.Tracker - Begin Tracker. Tracking 1000 users.
highVolumeTrackLocation: Time Elapsed: 0 seconds.
09:27:03.448 [Test worker] INFO tourGuide.service.TourGuideService - TestMode enabled
09:27:03.448 [Test worker] DEBUG tourGuide.service.TourGuideService - Initializing users
09:27:03.453 [pool-1-thread-1] DEBUG tourGuide.tracker.Tracker - Tracker Time Elapsed: 0 seconds.
09:27:03.453 [pool-1-thread-1] DEBUG tourGuide.tracker.Tracker - Tracker sleeping
09:27:03.576 [Test worker] DEBUG tourGuide.service.TourGuideService - Created 1000 internal test users.
09:27:03.576 [Test worker] DEBUG tourGuide.service.TourGuideService - Finished initializing users
09:27:03.579 [pool-2627-thread-1] DEBUG tourGuide.tracker.Tracker - Begin Tracker. Tracking 1000 users.
09:27:03.795 [pool-2627-thread-1] DEBUG tourGuide.tracker.Tracker - Tracker Time Elapsed: 0 seconds.
09:27:03.795 [pool-2627-thread-1] DEBUG tourGuide.tracker.Tracker - Tracker sleeping
highVolumeGetRewards: Time Elapsed: 8 seconds.
]]></system-out>
  <system-err><![CDATA[Nov 04, 2022 9:27:02 AM org.javamoney.moneta.DefaultMonetaryContextFactory createMonetaryContextNonNullConfig
INFO: Using custom MathContext: precision=256, roundingMode=HALF_EVEN
]]></system-err>
</testsuite>
