<?xml version="1.0" encoding="UTF-8"?>
<testsuite name="tourGuide.TestTourGuideService" tests="5" skipped="0" failures="0" errors="0" timestamp="2022-10-28T13:27:08" hostname="PC_Materiel_net" time="0.05">
  <properties/>
  <testcase name="getUserLocation" classname="tourGuide.TestTourGuideService" time="0.012"/>
  <testcase name="addUser" classname="tourGuide.TestTourGuideService" time="0.002"/>
  <testcase name="getAllUsers" classname="tourGuide.TestTourGuideService" time="0.001"/>
  <testcase name="trackUser" classname="tourGuide.TestTourGuideService" time="0.012"/>
  <testcase name="getNearbyAttractions" classname="tourGuide.TestTourGuideService" time="0.023"/>
  <system-out><![CDATA[15:27:08.365 [Test worker] INFO tourGuide.service.TourGuideService - TestMode enabled
15:27:08.365 [Test worker] DEBUG tourGuide.service.TourGuideService - Initializing users
15:27:08.366 [Test worker] DEBUG tourGuide.service.TourGuideService - Created 0 internal test users.
15:27:08.366 [Test worker] DEBUG tourGuide.service.TourGuideService - Finished initializing users
15:27:08.367 [pool-7009-thread-1] DEBUG tourGuide.tracker.Tracker - Begin Tracker. Tracking 0 users.
15:27:08.367 [pool-7009-thread-1] DEBUG tourGuide.tracker.Tracker - Tracker Time Elapsed: 0 seconds.
15:27:08.367 [pool-7009-thread-1] DEBUG tourGuide.tracker.Tracker - Tracker sleeping
15:27:08.377 [Test worker] INFO tourGuide.service.TourGuideService - TestMode enabled
15:27:08.377 [Test worker] DEBUG tourGuide.service.TourGuideService - Initializing users
15:27:08.378 [Test worker] DEBUG tourGuide.service.TourGuideService - Created 0 internal test users.
15:27:08.378 [Test worker] DEBUG tourGuide.service.TourGuideService - Finished initializing users
15:27:08.378 [pool-7010-thread-1] DEBUG tourGuide.tracker.Tracker - Tracker stopping
15:27:08.378 [Test worker] INFO tourGuide.service.TourGuideService - TestMode enabled
15:27:08.378 [Test worker] DEBUG tourGuide.service.TourGuideService - Initializing users
15:27:08.378 [Test worker] DEBUG tourGuide.service.TourGuideService - Created 0 internal test users.
15:27:08.379 [Test worker] DEBUG tourGuide.service.TourGuideService - Finished initializing users
15:27:08.379 [pool-7011-thread-1] DEBUG tourGuide.tracker.Tracker - Tracker stopping
15:27:08.379 [Test worker] INFO tourGuide.service.TourGuideService - TestMode enabled
15:27:08.379 [Test worker] DEBUG tourGuide.service.TourGuideService - Initializing users
15:27:08.379 [Test worker] DEBUG tourGuide.service.TourGuideService - Created 0 internal test users.
15:27:08.380 [Test worker] DEBUG tourGuide.service.TourGuideService - Finished initializing users
15:27:08.380 [pool-7012-thread-1] DEBUG tourGuide.tracker.Tracker - Begin Tracker. Tracking 0 users.
15:27:08.380 [pool-7012-thread-1] DEBUG tourGuide.tracker.Tracker - Tracker Time Elapsed: 0 seconds.
15:27:08.380 [pool-7012-thread-1] DEBUG tourGuide.tracker.Tracker - Tracker sleeping
15:27:08.391 [Test worker] INFO tourGuide.service.TourGuideService - TestMode enabled
15:27:08.392 [Test worker] DEBUG tourGuide.service.TourGuideService - Initializing users
15:27:08.393 [Test worker] DEBUG tourGuide.service.TourGuideService - Created 0 internal test users.
15:27:08.393 [Test worker] DEBUG tourGuide.service.TourGuideService - Finished initializing users
15:27:08.394 [pool-7014-thread-1] DEBUG tourGuide.tracker.Tracker - Begin Tracker. Tracking 0 users.
15:27:08.395 [pool-7014-thread-1] DEBUG tourGuide.tracker.Tracker - Tracker Time Elapsed: 0 seconds.
15:27:08.395 [pool-7014-thread-1] DEBUG tourGuide.tracker.Tracker - Tracker sleeping
]]></system-out>
  <system-err><![CDATA[]]></system-err>
</testsuite>
