<?xml version="1.0" encoding="UTF-8"?>
<testsuite name="tourGuide.TestRewardsService" tests="3" skipped="0" failures="0" errors="0" timestamp="2022-11-04T08:53:43" hostname="PC_Materiel_net" time="5.031">
  <properties/>
  <testcase name="nearAllAttractions" classname="tourGuide.TestRewardsService" time="5.008"/>
  <testcase name="userGetRewards" classname="tourGuide.TestRewardsService" time="0.011"/>
  <testcase name="isWithinAttractionProximity" classname="tourGuide.TestRewardsService" time="0.01"/>
  <system-out><![CDATA[09:53:43.190 [Test worker] INFO tourGuide.service.TourGuideService - TestMode enabled
09:53:43.190 [Test worker] DEBUG tourGuide.service.TourGuideService - Initializing users
09:53:43.191 [Test worker] DEBUG tourGuide.service.TourGuideService - Created 1 internal test users.
09:53:43.191 [Test worker] DEBUG tourGuide.service.TourGuideService - Finished initializing users
09:53:43.191 [pool-700003-thread-1] DEBUG tourGuide.tracker.Tracker - Begin Tracker. Tracking 1 users.
09:53:43.192 [pool-700003-thread-1] DEBUG tourGuide.tracker.Tracker - Tracker Time Elapsed: 0 seconds.
09:53:43.192 [pool-700003-thread-1] DEBUG tourGuide.tracker.Tracker - Tracker sleeping
09:53:48.198 [Test worker] INFO tourGuide.service.TourGuideService - TestMode enabled
09:53:48.198 [Test worker] DEBUG tourGuide.service.TourGuideService - Initializing users
09:53:48.199 [Test worker] DEBUG tourGuide.service.TourGuideService - Created 0 internal test users.
09:53:48.199 [Test worker] DEBUG tourGuide.service.TourGuideService - Finished initializing users
09:53:48.200 [pool-700007-thread-1] DEBUG tourGuide.tracker.Tracker - Begin Tracker. Tracking 0 users.
09:53:48.200 [pool-700007-thread-1] DEBUG tourGuide.tracker.Tracker - Tracker Time Elapsed: 0 seconds.
09:53:48.200 [pool-700007-thread-1] DEBUG tourGuide.tracker.Tracker - Tracker sleeping
]]></system-out>
  <system-err><![CDATA[]]></system-err>
</testsuite>
