<?xml version="1.0" encoding="UTF-8"?>
<testsuite name="tourGuide.TestPerformance" tests="2" skipped="0" failures="0" errors="0" timestamp="2022-10-28T13:26:54" hostname="PC_Materiel_net" time="9.235">
  <properties/>
  <testcase name="highVolumeTrackLocation" classname="tourGuide.TestPerformance" time="1.59"/>
  <testcase name="highVolumeGetRewards" classname="tourGuide.TestPerformance" time="7.644"/>
  <system-out><![CDATA[15:26:54.296 [Test worker] INFO tourGuide.service.TourGuideService - TestMode enabled
15:26:54.307 [Test worker] DEBUG tourGuide.service.TourGuideService - Initializing users
15:26:54.540 [Test worker] DEBUG tourGuide.service.TourGuideService - Created 1000 internal test users.
15:26:54.540 [Test worker] DEBUG tourGuide.service.TourGuideService - Finished initializing users
15:26:54.556 [pool-1-thread-1] DEBUG tourGuide.tracker.Tracker - Begin Tracker. Tracking 1000 users.
highVolumeTrackLocation: Time Elapsed: 1 seconds.
15:26:55.673 [Test worker] INFO tourGuide.service.TourGuideService - TestMode enabled
15:26:55.673 [Test worker] DEBUG tourGuide.service.TourGuideService - Initializing users
15:26:55.696 [Test worker] DEBUG tourGuide.service.TourGuideService - Created 1000 internal test users.
15:26:55.696 [Test worker] DEBUG tourGuide.service.TourGuideService - Finished initializing users
15:26:55.798 [pool-1-thread-1] DEBUG tourGuide.tracker.Tracker - Tracker Time Elapsed: 1 seconds.
15:26:55.799 [pool-1-thread-1] DEBUG tourGuide.tracker.Tracker - Tracker sleeping
15:26:55.872 [pool-2720-thread-1] DEBUG tourGuide.tracker.Tracker - Begin Tracker. Tracking 1000 users.
15:26:56.113 [pool-2720-thread-1] DEBUG tourGuide.tracker.Tracker - Tracker Time Elapsed: 0 seconds.
15:26:56.113 [pool-2720-thread-1] DEBUG tourGuide.tracker.Tracker - Tracker sleeping
highVolumeGetRewards: Time Elapsed: 7 seconds.
]]></system-out>
  <system-err><![CDATA[Oct 28, 2022 3:26:54 PM org.javamoney.moneta.DefaultMonetaryContextFactory createMonetaryContextNonNullConfig
INFO: Using custom MathContext: precision=256, roundingMode=HALF_EVEN
]]></system-err>
</testsuite>
