<?xml version="1.0" encoding="UTF-8"?>
<testsuite name="tourGuide.TestPerformance" tests="2" skipped="0" failures="0" errors="0" timestamp="2022-11-04T08:37:07" hostname="PC_Materiel_net" time="995.284">
  <properties/>
  <testcase name="highVolumeTrackLocation" classname="tourGuide.TestPerformance" time="518.666"/>
  <testcase name="highVolumeGetRewards" classname="tourGuide.TestPerformance" time="476.618"/>
  <system-out><![CDATA[09:37:08.056 [Test worker] INFO tourGuide.service.TourGuideService - TestMode enabled
09:37:08.067 [Test worker] DEBUG tourGuide.service.TourGuideService - Initializing users
09:37:09.142 [Test worker] DEBUG tourGuide.service.TourGuideService - Created 100000 internal test users.
09:37:09.142 [Test worker] DEBUG tourGuide.service.TourGuideService - Finished initializing users
09:37:09.193 [pool-1-thread-1] DEBUG tourGuide.tracker.Tracker - Begin Tracker. Tracking 100000 users.
09:45:46.547 [pool-1-thread-1] DEBUG tourGuide.tracker.Tracker - Tracker Time Elapsed: 517 seconds.
09:45:46.548 [pool-1-thread-1] DEBUG tourGuide.tracker.Tracker - Tracker sleeping
highVolumeTrackLocation: Time Elapsed: 517 seconds.
09:45:46.570 [Test worker] INFO tourGuide.service.TourGuideService - TestMode enabled
09:45:46.570 [Test worker] DEBUG tourGuide.service.TourGuideService - Initializing users
09:45:46.972 [Test worker] DEBUG tourGuide.service.TourGuideService - Created 100000 internal test users.
09:45:46.973 [Test worker] DEBUG tourGuide.service.TourGuideService - Finished initializing users
09:45:46.979 [pool-400002-thread-1] DEBUG tourGuide.tracker.Tracker - Begin Tracker. Tracking 100000 users.
09:49:41.529 [pool-400002-thread-1] DEBUG tourGuide.tracker.Tracker - Tracker Time Elapsed: 234 seconds.
09:49:41.530 [pool-400002-thread-1] DEBUG tourGuide.tracker.Tracker - Tracker sleeping
highVolumeGetRewards: Time Elapsed: 476 seconds.
]]></system-out>
  <system-err><![CDATA[Nov 04, 2022 9:37:08 AM org.javamoney.moneta.DefaultMonetaryContextFactory createMonetaryContextNonNullConfig
INFO: Using custom MathContext: precision=256, roundingMode=HALF_EVEN
]]></system-err>
</testsuite>
