<?xml version="1.0" encoding="UTF-8"?>
<testsuite name="tourGuide.TestPerformance" tests="1" skipped="0" failures="0" errors="0" timestamp="2022-10-14T09:18:41" hostname="PC_Materiel_net" time="491.55">
  <properties/>
  <testcase name="highVolumeTrackLocation" classname="tourGuide.TestPerformance" time="491.55"/>
  <system-out><![CDATA[11:18:41.665 [Test worker] INFO tourGuide.service.TourGuideService - TestMode enabled
11:18:41.699 [Test worker] DEBUG tourGuide.service.TourGuideService - Initializing users
11:18:44.020 [Test worker] DEBUG tourGuide.service.TourGuideService - Created 100000 internal test users.
11:18:44.020 [Test worker] DEBUG tourGuide.service.TourGuideService - Finished initializing users
11:18:44.159 [pool-1-thread-1] DEBUG tourGuide.tracker.Tracker - Begin Tracker. Tracking 100000 users.
11:26:52.844 [pool-1-thread-1] DEBUG tourGuide.tracker.Tracker - Tracker Time Elapsed: 488 seconds.
11:26:52.845 [pool-1-thread-1] DEBUG tourGuide.tracker.Tracker - Tracker sleeping
highVolumeTrackLocation: Time Elapsed: 488 seconds.
]]></system-out>
  <system-err><![CDATA[Oct 14, 2022 11:18:41 AM org.javamoney.moneta.DefaultMonetaryContextFactory createMonetaryContextNonNullConfig
INFO: Using custom MathContext: precision=256, roundingMode=HALF_EVEN
]]></system-err>
</testsuite>
