<?xml version="1.0" encoding="UTF-8"?>
<testsuite name="tourGuide.TestRewardsService" tests="1" skipped="0" failures="0" errors="0" timestamp="2022-10-21T19:44:17" hostname="PC_Materiel_net" time="0.285">
  <properties/>
  <testcase name="userGetRewards" classname="tourGuide.TestRewardsService" time="0.285"/>
  <system-out><![CDATA[21:44:17.592 [Test worker] INFO tourGuide.service.TourGuideService - TestMode enabled
21:44:17.601 [Test worker] DEBUG tourGuide.service.TourGuideService - Initializing users
21:44:17.604 [Test worker] DEBUG tourGuide.service.TourGuideService - Created 0 internal test users.
21:44:17.604 [Test worker] DEBUG tourGuide.service.TourGuideService - Finished initializing users
21:44:17.614 [pool-1-thread-1] DEBUG tourGuide.tracker.Tracker - Begin Tracker. Tracking 0 users.
21:44:17.615 [pool-1-thread-1] DEBUG tourGuide.tracker.Tracker - Tracker Time Elapsed: 0 seconds.
21:44:17.616 [pool-1-thread-1] DEBUG tourGuide.tracker.Tracker - Tracker sleeping
]]></system-out>
  <system-err><![CDATA[Oct 21, 2022 9:44:17 PM org.javamoney.moneta.DefaultMonetaryContextFactory createMonetaryContextNonNullConfig
INFO: Using custom MathContext: precision=256, roundingMode=HALF_EVEN
]]></system-err>
</testsuite>
