<?xml version="1.0" encoding="UTF-8"?>
<testsuite name="tourGuide.TestPerformance" tests="2" skipped="0" failures="0" errors="0" timestamp="2022-09-16T12:44:15" hostname="PC_Materiel_net" time="148.095">
  <properties/>
  <testcase name="highVolumeTrackLocation" classname="tourGuide.TestPerformance" time="1.948"/>
  <testcase name="highVolumeGetRewards" classname="tourGuide.TestPerformance" time="146.146"/>
  <system-out><![CDATA[14:44:16.176 [Test worker] INFO tourGuide.service.TourGuideService - TestMode enabled
14:44:16.182 [Test worker] DEBUG tourGuide.service.TourGuideService - Initializing users
14:44:16.387 [Test worker] DEBUG tourGuide.service.TourGuideService - Created 5000 internal test users.
14:44:16.387 [Test worker] DEBUG tourGuide.service.TourGuideService - Finished initializing users
14:44:16.408 [pool-2-thread-1] DEBUG tourGuide.tracker.Tracker - Begin Tracker. Tracking 5000 users.
14:44:17.903 [pool-2-thread-1] DEBUG tourGuide.tracker.Tracker - Tracker Time Elapsed: 1 seconds.
14:44:17.903 [pool-2-thread-1] DEBUG tourGuide.tracker.Tracker - Tracker sleeping
highVolumeTrackLocation: Time Elapsed: 1 seconds.
14:44:17.936 [Test worker] INFO tourGuide.service.TourGuideService - TestMode enabled
14:44:17.936 [Test worker] DEBUG tourGuide.service.TourGuideService - Initializing users
14:44:18.040 [Test worker] DEBUG tourGuide.service.TourGuideService - Created 5000 internal test users.
14:44:18.040 [Test worker] DEBUG tourGuide.service.TourGuideService - Finished initializing users
14:44:18.042 [pool-11364-thread-1] DEBUG tourGuide.tracker.Tracker - Begin Tracker. Tracking 5000 users.
14:44:18.561 [pool-11364-thread-1] DEBUG tourGuide.tracker.Tracker - Tracker Time Elapsed: 0 seconds.
14:44:18.561 [pool-11364-thread-1] DEBUG tourGuide.tracker.Tracker - Tracker sleeping
14:44:28.561 [pool-11364-thread-1] DEBUG tourGuide.tracker.Tracker - Begin Tracker. Tracking 5000 users.
14:45:00.549 [pool-11364-thread-1] DEBUG tourGuide.tracker.Tracker - Tracker Time Elapsed: 31 seconds.
14:45:00.549 [pool-11364-thread-1] DEBUG tourGuide.tracker.Tracker - Tracker sleeping
14:45:10.550 [pool-11364-thread-1] DEBUG tourGuide.tracker.Tracker - Begin Tracker. Tracking 5000 users.
14:45:11.045 [pool-11364-thread-1] DEBUG tourGuide.tracker.Tracker - Tracker Time Elapsed: 0 seconds.
14:45:11.046 [pool-11364-thread-1] DEBUG tourGuide.tracker.Tracker - Tracker sleeping
14:45:21.046 [pool-11364-thread-1] DEBUG tourGuide.tracker.Tracker - Begin Tracker. Tracking 5000 users.
14:45:21.470 [pool-11364-thread-1] DEBUG tourGuide.tracker.Tracker - Tracker Time Elapsed: 0 seconds.
14:45:21.471 [pool-11364-thread-1] DEBUG tourGuide.tracker.Tracker - Tracker sleeping
14:45:31.470 [pool-11364-thread-1] DEBUG tourGuide.tracker.Tracker - Begin Tracker. Tracking 5000 users.
14:45:31.959 [pool-11364-thread-1] DEBUG tourGuide.tracker.Tracker - Tracker Time Elapsed: 0 seconds.
14:45:31.959 [pool-11364-thread-1] DEBUG tourGuide.tracker.Tracker - Tracker sleeping
14:45:41.958 [pool-11364-thread-1] DEBUG tourGuide.tracker.Tracker - Begin Tracker. Tracking 5000 users.
14:45:42.371 [pool-11364-thread-1] DEBUG tourGuide.tracker.Tracker - Tracker Time Elapsed: 0 seconds.
14:45:42.372 [pool-11364-thread-1] DEBUG tourGuide.tracker.Tracker - Tracker sleeping
14:45:52.372 [pool-11364-thread-1] DEBUG tourGuide.tracker.Tracker - Begin Tracker. Tracking 5000 users.
14:45:52.826 [pool-11364-thread-1] DEBUG tourGuide.tracker.Tracker - Tracker Time Elapsed: 0 seconds.
14:45:52.826 [pool-11364-thread-1] DEBUG tourGuide.tracker.Tracker - Tracker sleeping
14:46:02.825 [pool-11364-thread-1] DEBUG tourGuide.tracker.Tracker - Begin Tracker. Tracking 5000 users.
14:46:03.188 [pool-11364-thread-1] DEBUG tourGuide.tracker.Tracker - Tracker Time Elapsed: 0 seconds.
14:46:03.188 [pool-11364-thread-1] DEBUG tourGuide.tracker.Tracker - Tracker sleeping
14:46:13.188 [pool-11364-thread-1] DEBUG tourGuide.tracker.Tracker - Begin Tracker. Tracking 5000 users.
14:46:13.550 [pool-11364-thread-1] DEBUG tourGuide.tracker.Tracker - Tracker Time Elapsed: 0 seconds.
14:46:13.550 [pool-11364-thread-1] DEBUG tourGuide.tracker.Tracker - Tracker sleeping
14:46:23.550 [pool-11364-thread-1] DEBUG tourGuide.tracker.Tracker - Begin Tracker. Tracking 5000 users.
14:46:23.891 [pool-11364-thread-1] DEBUG tourGuide.tracker.Tracker - Tracker Time Elapsed: 0 seconds.
14:46:23.892 [pool-11364-thread-1] DEBUG tourGuide.tracker.Tracker - Tracker sleeping
14:46:33.892 [pool-11364-thread-1] DEBUG tourGuide.tracker.Tracker - Begin Tracker. Tracking 5000 users.
14:46:34.230 [pool-11364-thread-1] DEBUG tourGuide.tracker.Tracker - Tracker Time Elapsed: 0 seconds.
14:46:34.230 [pool-11364-thread-1] DEBUG tourGuide.tracker.Tracker - Tracker sleeping
highVolumeGetRewards: Time Elapsed: 146 seconds.
]]></system-out>
  <system-err><![CDATA[Sep 16, 2022 2:44:16 PM org.javamoney.moneta.DefaultMonetaryContextFactory createMonetaryContextNonNullConfig
INFO: Using custom MathContext: precision=256, roundingMode=HALF_EVEN
]]></system-err>
</testsuite>
