<?xml version="1.0" encoding="UTF-8"?>
<testsuite name="tourGuide.TestPerformance" tests="1" skipped="0" failures="0" errors="0" timestamp="2022-10-07T09:16:30" hostname="PC_Materiel_net" time="683.875">
  <properties/>
  <testcase name="highVolumeTrackLocation" classname="tourGuide.TestPerformance" time="683.875"/>
  <system-out><![CDATA[11:16:31.061 [Test worker] INFO tourGuide.service.TourGuideService - TestMode enabled
11:16:31.069 [Test worker] DEBUG tourGuide.service.TourGuideService - Initializing users
11:16:31.935 [Test worker] DEBUG tourGuide.service.TourGuideService - Created 100000 internal test users.
11:16:31.935 [Test worker] DEBUG tourGuide.service.TourGuideService - Finished initializing users
11:16:31.968 [pool-2-thread-1] DEBUG tourGuide.tracker.Tracker - Begin Tracker. Tracking 100000 users.
11:27:54.533 [pool-2-thread-1] DEBUG tourGuide.tracker.Tracker - Tracker Time Elapsed: 682 seconds.
11:27:54.534 [pool-2-thread-1] DEBUG tourGuide.tracker.Tracker - Tracker sleeping
highVolumeTrackLocation: Time Elapsed: 682 seconds.
]]></system-out>
  <system-err><![CDATA[Oct 07, 2022 11:16:31 AM org.javamoney.moneta.DefaultMonetaryContextFactory createMonetaryContextNonNullConfig
INFO: Using custom MathContext: precision=256, roundingMode=HALF_EVEN
]]></system-err>
</testsuite>
